=============================== Validating remote/Action.csv-metadata.json ===============================
[32mValid CSV-W
[0m
=============================== Validating remote/Audience.csv-metadata.json ===============================
[32mValid CSV-W
[0m
=============================== Validating remote/ContactPoint.csv-metadata.json ===============================
[32mValid CSV-W
[0m
=============================== Validating remote/DataDownload.csv-metadata.json ===============================
[32mValid CSV-W
[0m
=============================== Validating remote/DatasetComment.csv-metadata.json ===============================
[32mValid CSV-W
[0m
=============================== Validating remote/Dataset.csv-metadata.json ===============================
[32mValid CSV-W
[0m
=============================== Validating remote/DefinedTerm.csv-metadata.json ===============================
[32mValid CSV-W
[0m
=============================== Validating remote/EmbargoStatement.csv-metadata.json ===============================
[32mValid CSV-W
[0m
=============================== Validating remote/GeoShape.csv-metadata.json ===============================
[32mValid CSV-W
[0m
=============================== Validating remote/HowTo.csv-metadata.json ===============================
[32mValid CSV-W
[0m
=============================== Validating remote/HowToStep.csv-metadata.json ===============================
[32mValid CSV-W
[0m
=============================== Validating remote/HowToTip.csv-metadata.json ===============================
[32mValid CSV-W
[0m
=============================== Validating remote/License.csv-metadata.json ===============================
[32mValid CSV-W
[0m
=============================== Validating remote/MonetaryGrant.csv-metadata.json ===============================
[32mValid CSV-W
[0m
=============================== Validating remote/Organization.csv-metadata.json ===============================
[32mValid CSV-W
[0m
=============================== Validating remote/Person.csv-metadata.json ===============================
[32mValid CSV-W
[0m
=============================== Validating remote/Place.csv-metadata.json ===============================
[32mValid CSV-W
[0m
=============================== Validating remote/PublishingStatusDefinedTerm.csv-metadata.json ===============================
[32mValid CSV-W
[0m
=============================== Validating remote/SoftwareApplication.csv-metadata.json ===============================
[32mValid CSV-W
[0m
=============================== Validating remote/SoftwareSourceCode.csv-metadata.json ===============================
[32mValid CSV-W
[0m
=============================== Validating remote/Taxon.csv-metadata.json ===============================
[32mValid CSV-W
[0m
=============================== Validating remote/VariableMeasured.csv-metadata.json ===============================
[32mValid CSV-W
[0m
=============================== Validating remote/WebApplication.csv-metadata.json ===============================
[32mValid CSV-W
[0m
=============================== Validating values in Action.csv['Participants (PIDs)'] ===============================
