
The following needs to be placed inside the top-level Makefile:

# Keep MANUAL_FOREIGN_KEY_VALIDATION_LOGS_SHORT up to date with the files it's necessary to perform list-column
# foreign key validation on.
MANUAL_FOREIGN_KEY_VALIDATION_LOGS_SHORT	:= Action.csv HowToStep.csv HowToTip.csv Dataset.csv Person.csv Organization.csv DataDownload.csv DatasetComment.csv SoftwareSourceCode.csv SoftwareApplication.csv WebApplication.csv Place.csv MonetaryGrant.csv
MANUAL_FOREIGN_KEY_VALIDATION_LOGS			:= $(MANUAL_FOREIGN_KEY_VALIDATION_LOGS_SHORT:%.csv=out/validation/%-csv-list-column-foreign-key.log)

out/validation/Action-csv-list-column-foreign-key.log: out/validation/person-or-organization.csv Dataset.csv
	@echo "=============================== Validating values in Action.csv['Participants (PIDs)'] ==============================="
	@$(LIST_COLUMN_FOREIGN_KEY_CHECK) "Action.csv" "Participants (PIDs)" "out/validation/person-or-organization.csv" "MBO PID" --separator "|"


	@echo "=============================== Validating values in Action.csv['Resulting Datasets (PIDs)'] ==============================="
	@$(LIST_COLUMN_FOREIGN_KEY_CHECK) "Action.csv" "Resulting Datasets (PIDs)" "Dataset.csv" "MBO PID" --separator "|"

	@echo "" > out/validation/{log_file_name} # Let the build know we've done this validation now.
	@echo ""
out/validation/HowToStep-csv-list-column-foreign-key.log: SoftwareApplication.csv HowToStep.csv SoftwareSourceCode.csv out/validation/person-or-organization.csv Audience.csv HowToTip.csv
	@echo "=============================== Validating values in HowToStep.csv['Contributor PIDs'] ==============================="
	@$(LIST_COLUMN_FOREIGN_KEY_CHECK) "HowToStep.csv" "Contributor PIDs" "out/validation/person-or-organization.csv" "MBO PID" --separator "|"


	@echo "=============================== Validating values in HowToStep.csv['Provider PID'] ==============================="
	@$(LIST_COLUMN_FOREIGN_KEY_CHECK) "HowToStep.csv" "Provider PID" "out/validation/person-or-organization.csv" "MBO PID"


	@echo "=============================== Validating values in HowToStep.csv['Source Code Citations (PIDs)'] ==============================="
	@$(LIST_COLUMN_FOREIGN_KEY_CHECK) "HowToStep.csv" "Source Code Citations (PIDs)" "SoftwareSourceCode.csv" "MBO PID" --separator "|"


	@echo "=============================== Validating values in HowToStep.csv['Software Application Citations (PIDs)'] ==============================="
	@$(LIST_COLUMN_FOREIGN_KEY_CHECK) "HowToStep.csv" "Software Application Citations (PIDs)" "SoftwareApplication.csv" "MBO PID" --separator "|"


	@echo "=============================== Validating values in HowToStep.csv['Child Steps (PIDs)'] ==============================="
	@$(LIST_COLUMN_FOREIGN_KEY_CHECK) "HowToStep.csv" "Child Steps (PIDs)" "HowToStep.csv" "MBO PID" --separator "|"


	@echo "=============================== Validating values in HowToStep.csv['Implementation Tips (PIDs)'] ==============================="
	@$(LIST_COLUMN_FOREIGN_KEY_CHECK) "HowToStep.csv" "Implementation Tips (PIDs)" "HowToTip.csv" "MBO PID" --separator "|"


	@echo "=============================== Validating values in HowToStep.csv['Audience PIDs'] ==============================="
	@$(LIST_COLUMN_FOREIGN_KEY_CHECK) "HowToStep.csv" "Audience PIDs" "Audience.csv" "MBO PID" --separator "|"

	@echo "" > out/validation/{log_file_name} # Let the build know we've done this validation now.
	@echo ""
out/validation/HowToTip-csv-list-column-foreign-key.log: Audience.csv
	@echo "=============================== Validating values in HowToTip.csv['Audience PIDs'] ==============================="
	@$(LIST_COLUMN_FOREIGN_KEY_CHECK) "HowToTip.csv" "Audience PIDs" "Audience.csv" "MBO PID" --separator "|"

	@echo "" > out/validation/{log_file_name} # Let the build know we've done this validation now.
	@echo ""
out/validation/Dataset-csv-list-column-foreign-key.log: EmbargoStatement.csv DataDownload.csv Taxon.csv PublishingStatusDefinedTerm.csv License.csv Place.csv out/validation/person-or-organization.csv Audience.csv VariableMeasured.csv
	@echo "=============================== Validating values in Dataset.csv['Variables Measured (PIDs)'] ==============================="
	@$(LIST_COLUMN_FOREIGN_KEY_CHECK) "Dataset.csv" "Variables Measured (PIDs)" "VariableMeasured.csv" "MBO PID" --separator "|"


	@echo "=============================== Validating values in Dataset.csv['Taxa (PIDs)'] ==============================="
	@$(LIST_COLUMN_FOREIGN_KEY_CHECK) "Dataset.csv" "Taxa (PIDs)" "Taxon.csv" "MBO PID" --separator "|"


	@echo "=============================== Validating values in Dataset.csv['Spatial Coverage (Place; PID)'] ==============================="
	@$(LIST_COLUMN_FOREIGN_KEY_CHECK) "Dataset.csv" "Spatial Coverage (Place; PID)" "Place.csv" "MBO PID"


	@echo "=============================== Validating values in Dataset.csv['Distributions (PIDs)'] ==============================="
	@$(LIST_COLUMN_FOREIGN_KEY_CHECK) "Dataset.csv" "Distributions (PIDs)" "DataDownload.csv" "MBO PID" --separator "|"


	@echo "=============================== Validating values in Dataset.csv['Author PID'] ==============================="
	@$(LIST_COLUMN_FOREIGN_KEY_CHECK) "Dataset.csv" "Author PID" "out/validation/person-or-organization.csv" "MBO PID"


	@echo "=============================== Validating values in Dataset.csv['Contributor PIDs'] ==============================="
	@$(LIST_COLUMN_FOREIGN_KEY_CHECK) "Dataset.csv" "Contributor PIDs" "out/validation/person-or-organization.csv" "MBO PID" --separator "|"


	@echo "=============================== Validating values in Dataset.csv['Owner PID'] ==============================="
	@$(LIST_COLUMN_FOREIGN_KEY_CHECK) "Dataset.csv" "Owner PID" "out/validation/person-or-organization.csv" "MBO PID"


	@echo "=============================== Validating values in Dataset.csv['Maintainer PID'] ==============================="
	@$(LIST_COLUMN_FOREIGN_KEY_CHECK) "Dataset.csv" "Maintainer PID" "out/validation/person-or-organization.csv" "MBO PID"


	@echo "=============================== Validating values in Dataset.csv['Publisher PID'] ==============================="
	@$(LIST_COLUMN_FOREIGN_KEY_CHECK) "Dataset.csv" "Publisher PID" "out/validation/person-or-organization.csv" "MBO PID"


	@echo "=============================== Validating values in Dataset.csv['Publishing Status PID'] ==============================="
	@$(LIST_COLUMN_FOREIGN_KEY_CHECK) "Dataset.csv" "Publishing Status PID" "PublishingStatusDefinedTerm.csv" "MBO PID"


	@echo "=============================== Validating values in Dataset.csv['Embargo Statement (PID)'] ==============================="
	@$(LIST_COLUMN_FOREIGN_KEY_CHECK) "Dataset.csv" "Embargo Statement (PID)" "EmbargoStatement.csv" "MBO PID"


	@echo "=============================== Validating values in Dataset.csv['License PID'] ==============================="
	@$(LIST_COLUMN_FOREIGN_KEY_CHECK) "Dataset.csv" "License PID" "License.csv" "MBO PID"


	@echo "=============================== Validating values in Dataset.csv['Audience PIDs'] ==============================="
	@$(LIST_COLUMN_FOREIGN_KEY_CHECK) "Dataset.csv" "Audience PIDs" "Audience.csv" "MBO PID" --separator "|"

	@echo "" > out/validation/{log_file_name} # Let the build know we've done this validation now.
	@echo ""
out/validation/Person-csv-list-column-foreign-key.log: ContactPoint.csv
	@echo "=============================== Validating values in Person.csv['Contact Points (PIDs)'] ==============================="
	@$(LIST_COLUMN_FOREIGN_KEY_CHECK) "Person.csv" "Contact Points (PIDs)" "ContactPoint.csv" "MBO PID" --separator "|"

	@echo "" > out/validation/{log_file_name} # Let the build know we've done this validation now.
	@echo ""
out/validation/Organization-csv-list-column-foreign-key.log: ContactPoint.csv MonetaryGrant.csv Organization.csv
	@echo "=============================== Validating values in Organization.csv['Contact Points (PIDs)'] ==============================="
	@$(LIST_COLUMN_FOREIGN_KEY_CHECK) "Organization.csv" "Contact Points (PIDs)" "ContactPoint.csv" "MBO PID" --separator "|"


	@echo "=============================== Validating values in Organization.csv['Parent Organization (PID)'] ==============================="
	@$(LIST_COLUMN_FOREIGN_KEY_CHECK) "Organization.csv" "Parent Organization (PID)" "Organization.csv" "MBO PID"


	@echo "=============================== Validating values in Organization.csv['Member of Organizations (PIDs)'] ==============================="
	@$(LIST_COLUMN_FOREIGN_KEY_CHECK) "Organization.csv" "Member of Organizations (PIDs)" "Organization.csv" "MBO PID" --separator "|"


	@echo "=============================== Validating values in Organization.csv['Has Departments (PIDs)'] ==============================="
	@$(LIST_COLUMN_FOREIGN_KEY_CHECK) "Organization.csv" "Has Departments (PIDs)" "Organization.csv" "MBO PID" --separator "|"


	@echo "=============================== Validating values in Organization.csv['Grants (PIDs)'] ==============================="
	@$(LIST_COLUMN_FOREIGN_KEY_CHECK) "Organization.csv" "Grants (PIDs)" "MonetaryGrant.csv" "MBO PID" --separator "|"

	@echo "" > out/validation/{log_file_name} # Let the build know we've done this validation now.
	@echo ""
out/validation/DataDownload-csv-list-column-foreign-key.log: Dataset.csv PublishingStatusDefinedTerm.csv License.csv out/validation/person-or-organization.csv Audience.csv
	@echo "=============================== Validating values in DataDownload.csv['Dataset (PID)'] ==============================="
	@$(LIST_COLUMN_FOREIGN_KEY_CHECK) "DataDownload.csv" "Dataset (PID)" "Dataset.csv" "MBO PID"


	@echo "=============================== Validating values in DataDownload.csv['Publishing Status PID'] ==============================="
	@$(LIST_COLUMN_FOREIGN_KEY_CHECK) "DataDownload.csv" "Publishing Status PID" "PublishingStatusDefinedTerm.csv" "MBO PID"


	@echo "=============================== Validating values in DataDownload.csv['Author PID'] ==============================="
	@$(LIST_COLUMN_FOREIGN_KEY_CHECK) "DataDownload.csv" "Author PID" "out/validation/person-or-organization.csv" "MBO PID"


	@echo "=============================== Validating values in DataDownload.csv['Contributor PIDs'] ==============================="
	@$(LIST_COLUMN_FOREIGN_KEY_CHECK) "DataDownload.csv" "Contributor PIDs" "out/validation/person-or-organization.csv" "MBO PID" --separator "|"


	@echo "=============================== Validating values in DataDownload.csv['Owner PID'] ==============================="
	@$(LIST_COLUMN_FOREIGN_KEY_CHECK) "DataDownload.csv" "Owner PID" "out/validation/person-or-organization.csv" "MBO PID"


	@echo "=============================== Validating values in DataDownload.csv['Maintainer PID'] ==============================="
	@$(LIST_COLUMN_FOREIGN_KEY_CHECK) "DataDownload.csv" "Maintainer PID" "out/validation/person-or-organization.csv" "MBO PID"


	@echo "=============================== Validating values in DataDownload.csv['Publisher PID'] ==============================="
	@$(LIST_COLUMN_FOREIGN_KEY_CHECK) "DataDownload.csv" "Publisher PID" "out/validation/person-or-organization.csv" "MBO PID"


	@echo "=============================== Validating values in DataDownload.csv['License PID'] ==============================="
	@$(LIST_COLUMN_FOREIGN_KEY_CHECK) "DataDownload.csv" "License PID" "License.csv" "MBO PID"


	@echo "=============================== Validating values in DataDownload.csv['Audience PIDs'] ==============================="
	@$(LIST_COLUMN_FOREIGN_KEY_CHECK) "DataDownload.csv" "Audience PIDs" "Audience.csv" "MBO PID" --separator "|"

	@echo "" > out/validation/{log_file_name} # Let the build know we've done this validation now.
	@echo ""
out/validation/DatasetComment-csv-list-column-foreign-key.log: out/validation/person-or-organization.csv Dataset.csv
	@echo "=============================== Validating values in DatasetComment.csv['Dataset (PID)'] ==============================="
	@$(LIST_COLUMN_FOREIGN_KEY_CHECK) "DatasetComment.csv" "Dataset (PID)" "Dataset.csv" "MBO PID"


	@echo "=============================== Validating values in DatasetComment.csv['Author PID'] ==============================="
	@$(LIST_COLUMN_FOREIGN_KEY_CHECK) "DatasetComment.csv" "Author PID" "out/validation/person-or-organization.csv" "MBO PID"

	@echo "" > out/validation/{log_file_name} # Let the build know we've done this validation now.
	@echo ""
out/validation/SoftwareSourceCode-csv-list-column-foreign-key.log: PublishingStatusDefinedTerm.csv out/validation/person-or-organization.csv
	@echo "=============================== Validating values in SoftwareSourceCode.csv['Publishing Status PID'] ==============================="
	@$(LIST_COLUMN_FOREIGN_KEY_CHECK) "SoftwareSourceCode.csv" "Publishing Status PID" "PublishingStatusDefinedTerm.csv" "MBO PID"


	@echo "=============================== Validating values in SoftwareSourceCode.csv['Author PID'] ==============================="
	@$(LIST_COLUMN_FOREIGN_KEY_CHECK) "SoftwareSourceCode.csv" "Author PID" "out/validation/person-or-organization.csv" "MBO PID"


	@echo "=============================== Validating values in SoftwareSourceCode.csv['Contributor PIDs'] ==============================="
	@$(LIST_COLUMN_FOREIGN_KEY_CHECK) "SoftwareSourceCode.csv" "Contributor PIDs" "out/validation/person-or-organization.csv" "MBO PID" --separator "|"


	@echo "=============================== Validating values in SoftwareSourceCode.csv['Maintainer PID'] ==============================="
	@$(LIST_COLUMN_FOREIGN_KEY_CHECK) "SoftwareSourceCode.csv" "Maintainer PID" "out/validation/person-or-organization.csv" "MBO PID"


	@echo "=============================== Validating values in SoftwareSourceCode.csv['Owner PID'] ==============================="
	@$(LIST_COLUMN_FOREIGN_KEY_CHECK) "SoftwareSourceCode.csv" "Owner PID" "out/validation/person-or-organization.csv" "MBO PID"


	@echo "=============================== Validating values in SoftwareSourceCode.csv['Publisher PID'] ==============================="
	@$(LIST_COLUMN_FOREIGN_KEY_CHECK) "SoftwareSourceCode.csv" "Publisher PID" "out/validation/person-or-organization.csv" "MBO PID"

	@echo "" > out/validation/{log_file_name} # Let the build know we've done this validation now.
	@echo ""
out/validation/SoftwareApplication-csv-list-column-foreign-key.log: PublishingStatusDefinedTerm.csv out/validation/person-or-organization.csv
	@echo "=============================== Validating values in SoftwareApplication.csv['Publishing Status PID'] ==============================="
	@$(LIST_COLUMN_FOREIGN_KEY_CHECK) "SoftwareApplication.csv" "Publishing Status PID" "PublishingStatusDefinedTerm.csv" "MBO PID"


	@echo "=============================== Validating values in SoftwareApplication.csv['Author PID'] ==============================="
	@$(LIST_COLUMN_FOREIGN_KEY_CHECK) "SoftwareApplication.csv" "Author PID" "out/validation/person-or-organization.csv" "MBO PID"


	@echo "=============================== Validating values in SoftwareApplication.csv['Contributor PIDs'] ==============================="
	@$(LIST_COLUMN_FOREIGN_KEY_CHECK) "SoftwareApplication.csv" "Contributor PIDs" "out/validation/person-or-organization.csv" "MBO PID" --separator "|"


	@echo "=============================== Validating values in SoftwareApplication.csv['Maintainer PID'] ==============================="
	@$(LIST_COLUMN_FOREIGN_KEY_CHECK) "SoftwareApplication.csv" "Maintainer PID" "out/validation/person-or-organization.csv" "MBO PID"


	@echo "=============================== Validating values in SoftwareApplication.csv['Owner PID'] ==============================="
	@$(LIST_COLUMN_FOREIGN_KEY_CHECK) "SoftwareApplication.csv" "Owner PID" "out/validation/person-or-organization.csv" "MBO PID"


	@echo "=============================== Validating values in SoftwareApplication.csv['Provider PID'] ==============================="
	@$(LIST_COLUMN_FOREIGN_KEY_CHECK) "SoftwareApplication.csv" "Provider PID" "out/validation/person-or-organization.csv" "MBO PID"


	@echo "=============================== Validating values in SoftwareApplication.csv['Publisher PID'] ==============================="
	@$(LIST_COLUMN_FOREIGN_KEY_CHECK) "SoftwareApplication.csv" "Publisher PID" "out/validation/person-or-organization.csv" "MBO PID"

	@echo "" > out/validation/{log_file_name} # Let the build know we've done this validation now.
	@echo ""
out/validation/WebApplication-csv-list-column-foreign-key.log: PublishingStatusDefinedTerm.csv out/validation/person-or-organization.csv
	@echo "=============================== Validating values in WebApplication.csv['Publishing Status PID'] ==============================="
	@$(LIST_COLUMN_FOREIGN_KEY_CHECK) "WebApplication.csv" "Publishing Status PID" "PublishingStatusDefinedTerm.csv" "MBO PID"


	@echo "=============================== Validating values in WebApplication.csv['Author PID'] ==============================="
	@$(LIST_COLUMN_FOREIGN_KEY_CHECK) "WebApplication.csv" "Author PID" "out/validation/person-or-organization.csv" "MBO PID"


	@echo "=============================== Validating values in WebApplication.csv['Contributor PIDs'] ==============================="
	@$(LIST_COLUMN_FOREIGN_KEY_CHECK) "WebApplication.csv" "Contributor PIDs" "out/validation/person-or-organization.csv" "MBO PID" --separator "|"


	@echo "=============================== Validating values in WebApplication.csv['Maintainer PID'] ==============================="
	@$(LIST_COLUMN_FOREIGN_KEY_CHECK) "WebApplication.csv" "Maintainer PID" "out/validation/person-or-organization.csv" "MBO PID"


	@echo "=============================== Validating values in WebApplication.csv['Owner PID'] ==============================="
	@$(LIST_COLUMN_FOREIGN_KEY_CHECK) "WebApplication.csv" "Owner PID" "out/validation/person-or-organization.csv" "MBO PID"


	@echo "=============================== Validating values in WebApplication.csv['Provider PID'] ==============================="
	@$(LIST_COLUMN_FOREIGN_KEY_CHECK) "WebApplication.csv" "Provider PID" "out/validation/person-or-organization.csv" "MBO PID"


	@echo "=============================== Validating values in WebApplication.csv['Publisher PID'] ==============================="
	@$(LIST_COLUMN_FOREIGN_KEY_CHECK) "WebApplication.csv" "Publisher PID" "out/validation/person-or-organization.csv" "MBO PID"

	@echo "" > out/validation/{log_file_name} # Let the build know we've done this validation now.
	@echo ""
out/validation/Place-csv-list-column-foreign-key.log: GeoShape.csv
	@echo "=============================== Validating values in Place.csv['GeoShape (PID)'] ==============================="
	@$(LIST_COLUMN_FOREIGN_KEY_CHECK) "Place.csv" "GeoShape (PID)" "GeoShape.csv" "MBO PID"

	@echo "" > out/validation/{log_file_name} # Let the build know we've done this validation now.
	@echo ""
out/validation/MonetaryGrant-csv-list-column-foreign-key.log: Organization.csv
	@echo "=============================== Validating values in MonetaryGrant.csv['Funder Organizations (PIDs)'] ==============================="
	@$(LIST_COLUMN_FOREIGN_KEY_CHECK) "MonetaryGrant.csv" "Funder Organizations (PIDs)" "Organization.csv" "MBO PID" --separator "|"


	@echo "=============================== Validating values in MonetaryGrant.csv['Sponsor Organizations (PIDs)'] ==============================="
	@$(LIST_COLUMN_FOREIGN_KEY_CHECK) "MonetaryGrant.csv" "Sponsor Organizations (PIDs)" "Organization.csv" "MBO PID" --separator "|"

	@echo "" > out/validation/{log_file_name} # Let the build know we've done this validation now.
	@echo ""

